# Interrupt Handling: When Hardware Demands Attention

> Ever wondered how pressing a key instantly appears on screen? How network packets get processed immediately? What makes your computer respond to external events? Why the timer tick is called the "heartbeat" of the kernel?

**You're about to discover how hardware talks to the CPU!**

---

## What's Inside This Guide?

> We're exploring **arch/x86/kernel/irq.c** - The ROUTER for hardware events!

Here's what handles hardware communication:

```
arch/x86/
└── kernel/                ← CPU-specific kernel code
    ├── entry_*.S          ← System call entry
    ├── traps.c            ← Exception handlers
    ├── irq.c              ← Hardware interrupts (THIS!)
    ├── process.c          ← Context switching
    ├── signal.c           ← Signal handling setup
    └── time.c             ← Timer setup
```

**This code controls:**
- Keyboard and mouse input processing
- Network packet arrival handling
- Timer tick management (scheduler heartbeat!)
- Disk I/O completion notifications
- USB device events
- All hardware-to-CPU communication
- Interrupt routing to CPUs
- Priority management

---

## What You'll Learn

Each interrupt mechanism is explained with:

- **Hardware reality** - Physical electrical signals
- **APIC architecture** - IOAPIC and LAPIC explained
- **Complete interrupt flow** - From device to handler
- **IDT mechanism** - Same table, different purpose
- **Timer interrupts** - The scheduler's heartbeat
- **Priority levels** - Not all interrupts are equal
- **Multi-CPU routing** - How interrupts find the right core

**Pure hardware mechanism!** Understand how devices communicate before writing drivers.

---

## When Hardware Says "HEY!"

> **How external devices get the CPU's immediate attention**

## The Fundamental Problem

**Physical Reality:**

```
Your Computer:
├── CPU running at 3 GHz (3 billion instructions/second)
├── Keyboard: Human types ~2 keys/second
├── Network: Packets arrive randomly
├── Disk: Data ready unpredictably
└── Timer: Needs to fire every 10ms

Question: How does CPU know when hardware needs attention?
```

---

## Without Interrupts (Polling)

**The wasteful approach:**

```
CPU wants keyboard input:

while (true) {
    if (keyboard_has_data()) {  ← Check keyboard
        data = read_keyboard();
        break;
    }
}

CPU continuously checks:
├── Check keyboard... nothing
├── Check keyboard... nothing
├── Check keyboard... nothing (millions of times!)
└── Check keyboard... DATA! Finally!

Problems:
├── CPU wastes 99.999% of time checking
├── Can't do other work while waiting
├── Must check ALL devices constantly
└── Keyboard, mouse, network, disk, USB...

Imagine checking 20 devices every microsecond:
└── CPU does NOTHING but poll devices!
    No programs run!
    System unusable! 
```

---

## The Solution: Hardware Interrupts

**Think of interrupts like someone tapping your shoulder:**

```
You're working on your desk:
├── Focused on your task
├── Not constantly checking phone
└── *TAP* Someone needs you!
    Stop work → Handle request → Resume work

CPU executing program:
├── Running Firefox code
├── Not checking devices
└── *INTERRUPT!* Keyboard has data!
    Stop Firefox → Handle keyboard → Resume Firefox
```

**With interrupts:**

```
Program needs keyboard input:
    ↓
Program: "Give me input when available"
    ↓
Kernel: "OK, you sleep. I'll wake you."
    ↓
Program SLEEPS (not using CPU)
    ↓
CPU runs OTHER programs! 
    ↓
User presses key
    ↓
Keyboard sends INTERRUPT signal! 
    ↓
CPU immediately stops current work
    ↓
CPU handles keyboard interrupt (reads key)
    ↓
Kernel wakes waiting program
    ↓
Program gets data!

Efficiency: CPU never wastes time polling! 
```

---

## Why Asynchronous Matters

**The speed mismatch:**

```
CPU speed: 3 GHz = 3,000,000,000 instructions/second

Keyboard: Human types at ~100ms per key
└── That's 300,000,000 CPU instructions between keys!

If CPU waited for keyboard:
├── 300 million instructions wasted
├── 300 million cycles doing nothing
└── System completely frozen!

With interrupts:
├── CPU does useful work
├── Keyboard interrupts when ready (~1000 instructions to handle)
└── Efficiency gain: 300,000× better! 

The same logic applies to:
├── Network packets (arrive randomly)
├── Disk operations (take milliseconds)
└── Mouse movements (30-60 events/second)

Interrupts let CPU be productive! 
```

---

# Interrupts vs Exceptions: The Key Difference

## Side-by-Side Comparison

```
EXCEPTIONS (Topic 2):
├── Source: CPU itself (internal)
├── Timing: Synchronous (predictable)
├── Cause: Current instruction fails
├── Examples: Divide by zero, page fault, invalid opcode
└── When: Exactly when instruction executes

INTERRUPTS (This topic):
├── Source: Hardware devices (external)
├── Timing: Asynchronous (unpredictable!)
├── Cause: Device needs attention
├── Examples: Keyboard, timer, network, disk
└── When: Anytime! No relation to current instruction
```

---

## Concrete Example

```
CPU executing Firefox code:
    MOV RAX, 5
    ADD RAX, 3    ← Currently executing this
    MOV [addr], RAX

EXCEPTION would be:
├── Caused BY the ADD instruction itself
├── Example: Arithmetic overflow
├── Synchronous: Always happens AT this instruction
└── Repeatable: Same instruction = same exception

INTERRUPT could be:
├── Network packet arrives (random timing!)
├── NOT related to ADD instruction at all!
├── Asynchronous: Could happen during MOV, ADD, or anywhere
├── Unpredictable: Same code, different interrupts each run
└── ADD instruction has no idea interrupt occurred!

Both use IDT and similar mechanisms:
└── But fundamentally different purposes! 
```

---

# The Interrupt Hardware

## Physical Components (The Players)

### **1. Devices (Interrupt Sources)**

**Each device has an IRQ line:**

```
IRQ = Interrupt ReQuest line (physical wire!)

Common IRQ assignments:
├── IRQ 0:  Timer chip (fires every 10ms)
├── IRQ 1:  Keyboard controller
├── IRQ 3:  Serial port COM2
├── IRQ 4:  Serial port COM1
├── IRQ 6:  Floppy disk
├── IRQ 8:  RTC (Real-Time Clock)
├── IRQ 12: PS/2 Mouse
├── IRQ 14: Primary IDE disk
├── IRQ 15: Secondary IDE disk
└── IRQ 16+: PCI devices (network, USB, etc.)

Each IRQ = Physical wire from device to interrupt controller!
```

---

### **2. Interrupt Controller (The Router)**

**Old System: PIC (8259 Programmable Interrupt Controller)**

```
Legacy 8259 PIC chip:
├── 8 interrupt lines (IRQ 0-7)
├── Can cascade two chips for 16 lines (IRQ 0-15)
├── One controller for entire system
└── Single CPU only

Old technology from 1980s!
Still supported for compatibility!
```

**Modern System: APIC (Advanced Programmable Interrupt Controller)**

```
Modern multi-CPU architecture:

IOAPIC (I/O APIC):
├── Central interrupt router
├── 24 interrupt lines (IRQ 0-23)
├── Routes interrupts to any CPU
├── Configurable priorities
└── One per system

LAPIC (Local APIC):
├── One per CPU core!
├── Receives from IOAPIC
├── Local timer
├── Inter-processor interrupts (IPI)
└── Delivers to its CPU

This is what modern systems use! 
```

---

## Physical Interrupt Path

**From device to CPU:**

```
KEYBOARD
    ↓ (Physical IRQ 1 wire)
IOAPIC (I/O APIC - Central Router)
    ↓ (Routes interrupt)
    ↓ (Selects target CPU)
LAPIC (Local APIC on CPU 2)
    ↓ (Delivers to core)
CPU Core 2
    ↓ (Handles interrupt)
Interrupt Handler Executes

Example with 4 CPUs:

Device → IOAPIC → [LAPIC 0, LAPIC 1, LAPIC 2, LAPIC 3]
                       ↓         ↓        ↓         ↓
                     CPU 0    CPU 1    CPU 2     CPU 3

IOAPIC decides which CPU gets the interrupt!
Can balance load across cores! 
```

---

## IOAPIC Configuration

**How interrupts are routed:**

```
IOAPIC routing table (set during boot):

IRQ 0 (Timer):
├── Vector: 32 (IDT entry)
├── Destination: CPU 0 (always)
├── Delivery: Fixed (specific CPU)
├── Trigger: Edge-triggered
└── Priority: High

IRQ 1 (Keyboard):
├── Vector: 33
├── Destination: All CPUs (any available)
├── Delivery: Lowest priority (least busy CPU)
├── Trigger: Edge-triggered
└── Priority: Medium

IRQ 11 (Network):
├── Vector: 43
├── Destination: CPU 1 (affinity set)
├── Delivery: Fixed
├── Trigger: Level-triggered
└── Priority: High

Each IRQ fully configurable!
Flexible routing! 
```

---

## LAPIC (Local APIC) Details

**One LAPIC per CPU core:**

```
4-core system:
├── CPU 0 has LAPIC 0
├── CPU 1 has LAPIC 1
├── CPU 2 has LAPIC 2
└── CPU 3 has LAPIC 3

Each LAPIC can:
├── Receive interrupts from IOAPIC
├── Send inter-processor interrupts (IPIs)
├── Generate local timer interrupts
├── Mask/unmask interrupts
├── Set priority levels
└── Send EOI (End Of Interrupt) acknowledgment

LAPIC is memory-mapped:
└── Address: 0xFEE00000 (typical)
    Kernel reads/writes LAPIC registers here!
```

---

# Complete Interrupt Flow

> **Let's trace a keyboard interrupt from key press to character display - EVERY STEP!**

## INITIAL STATE: Firefox Running

**Before the interrupt:**

```
Process: Firefox (PID 5000)
Mode: Ring 3 (user mode)
CPU: Core 2

Currently executing:
    ADD RAX, RBX  ← Somewhere in Firefox code
    
CPU State:
├── RIP: 0x00400500
├── RAX: 100, RBX: 50
├── CS:  0x0033 (Ring 3)
└── IF:  1 (interrupts enabled)

Terminal is sleeping, waiting for keyboard input.
```

---

## STEP 1: User Presses Key

**The physical event:**

```
User presses 'A' key on keyboard:

Physical mechanism:
├── Key switch closes (mechanical contact)
├── Keyboard controller detects closure
├── Controller generates scancode: 0x1E (for 'A' key)
└── Stores scancode in internal buffer

Keyboard controller generates interrupt:
├── Sets IRQ 1 line HIGH (voltage change: 0V → 5V)
├── Electrical signal travels through wire
└── Signal reaches IOAPIC! 

This is HARDWARE! Actual electricity! 
```

---

## STEP 2: IOAPIC Receives Signal

**The central router processes the interrupt:**

```
IOAPIC detects IRQ 1 HIGH:

STEP 2a: Look Up Routing Configuration
IRQ 1 entry in routing table:
├── Vector: 33 (keyboard interrupt vector)
├── Destination: All CPUs (any available)
├── Delivery: Lowest priority
└── Trigger: Edge (rising edge detected)

STEP 2b: Select Target CPU
Check all CPUs:
├── CPU 0: Handling timer interrupt (busy)
├── CPU 1: Running high-priority task (busy)
├── CPU 2: Running Firefox (available) 
└── CPU 3: Idle (available) 

Lowest priority = CPU 2 (pick this one)

STEP 2c: Send Message to LAPIC
Send to CPU 2's LAPIC:
├── Message: "Vector 33 interrupt"
├── Priority: Medium
└── Delivery mode: Fixed

Message sent via system bus! 
```

---

## STEP 3: LAPIC Receives Interrupt

**CPU 2's Local APIC processes the message:**

```
LAPIC 2 receives interrupt message:

STEP 3a: Check IF Flag (Interrupt Flag)
├── Read CPU's RFLAGS register
├── IF = 1? (interrupts enabled)
└── YES! Can deliver! 

If IF = 0:
└── Queue interrupt, wait until IF = 1

STEP 3b: Check Priority Level
├── Current interrupt priority: Low
├── New interrupt priority (vector 33): Medium
├── Medium > Low? YES!
└── Can deliver! 

STEP 3c: Signal CPU Core
├── Set interrupt pending bit in LAPIC
└── CPU will check at next instruction boundary

Interrupt is now PENDING on CPU 2! 
```

---

## STEP 4: CPU Detects Interrupt

**Between instructions, CPU checks for interrupts:**

```
CPU 2 execution:

Finished executing: ADD RAX, RBX (result: RAX = 150)
About to fetch next instruction at RIP + 3
    ↓
CPU hardware checks (every instruction!):
"Any interrupts pending?"
    ↓
Query LAPIC: "Interrupts pending?"
    ↓
LAPIC responds: "YES! Vector 33!"
    ↓
CPU STOPS normal execution! 
Interrupt takes priority!

Current instruction (ADD) completed successfully.
Next instruction will NOT execute yet!
Interrupt handler runs FIRST!
```

---

## STEP 5: CPU Saves State

**Hardware automatic state preservation:**

```
CPU automatically (in hardware!):

STEP 5a: Determine Current Mode
├── CS register: 0x0033 (Ring 3, user mode)
└── Must switch to kernel mode!

STEP 5b: Switch to Kernel Stack
├── Read TSS (Task State Segment)
├── Get kernel stack address: 0xFFFF880001234000
└── Switch RSP to kernel stack

STEP 5c: Save User State on Kernel Stack
Push to kernel stack:
├── SS  (user stack segment: 0x002B)
├── RSP (user stack pointer: 0x7FFF0000)
├── RFLAGS (CPU flags, IF=1)
├── CS  (user code segment: 0x0033)
└── RIP (next instruction: 0x00400503)

All user state preserved! Can resume later!

STEP 5d: Look Up Handler in IDT
├── Vector: 33
├── IDT[33] = keyboard_interrupt handler
└── Handler address: 0xFFFFFFFF81003000

STEP 5e: Switch to Ring 0
├── CS = 0x0010 (kernel code segment!)
└── CPL = 0 (KERNEL MODE!)

STEP 5f: Disable Interrupts
├── Clear IF flag (IF = 0)
└── Prevent nested interrupts during handler

STEP 5g: Jump to Handler
└── RIP = 0xFFFFFFFF81003000 (keyboard handler!)

Now executing interrupt handler in Ring 0! 
```

---

### **CPU State After Interrupt Entry**

```
BEFORE (User Mode):
├── RIP: 0x00400500 (Firefox code)
├── CS:  0x0033 (Ring 3)
├── CPL: 3 (user mode)
├── RSP: 0x7FFF0000 (user stack)
├── IF:  1 (interrupts enabled)
└── Running: Firefox

AFTER (Kernel Mode):
├── RIP: 0xFFFFFFFF81003000 (interrupt handler!)
├── CS:  0x0010 (Ring 0!) 
├── CPL: 0 (KERNEL MODE!) 
├── RSP: 0xFFFF880001234000 (kernel stack!)
├── IF:  0 (interrupts disabled)
├── Saved on stack: User SS, RSP, RFLAGS, CS, RIP
└── Running: Keyboard interrupt handler
```

---

## STEP 6: Common Interrupt Entry

**Now in arch/x86/kernel/irq.c → common_interrupt:**

```
STEP 6a: Save All Registers
Push to kernel stack:
├── RAX (150 - result from ADD)
├── RBX (50)
├── RCX, RDX, RSI, RDI
├── RBP (base pointer)
└── R8 through R15

Complete CPU context saved! 

STEP 6b: Acknowledge Interrupt (Critical!)
Send EOI (End Of Interrupt) to LAPIC:
├── Write to LAPIC EOI register
├── LAPIC clears pending bit
└── LAPIC can accept new interrupts

MUST acknowledge! Otherwise LAPIC blocks further interrupts!

STEP 6c: Identify Interrupt Source
├── Vector 33 received
├── Lookup: Vector 33 = Keyboard
└── Call registered handler: keyboard_interrupt_handler()

Dispatch to device-specific handler! →
```

---

## STEP 7: Keyboard Handler Executes

**Now in drivers/input/keyboard/ → keyboard_interrupt_handler:**

```
STEP 7a: Read Scancode from Keyboard
├── Use port I/O: INB 0x60 (keyboard data port)
├── Hardware returns: 0x1E
└── Scancode received: 0x1E ('A' key pressed)

STEP 7b: Translate Scancode
Scancode-to-keycode translation:
├── 0x1E = KEY_A (Linux keycode)
└── Keyboard-independent representation

STEP 7c: Check Modifier Keys
Check keyboard state:
├── Shift pressed? NO
├── Ctrl pressed? NO
├── Alt pressed? NO
└── Result: Lowercase 'a'

STEP 7d: Store in Input Buffer
├── Add to kernel input buffer: 'a'
├── Buffer location: kernel memory
└── Character ready for processes!

STEP 7e: Wake Waiting Processes
Check: Any process waiting for keyboard?
├── Terminal (PID 3000): TASK_INTERRUPTIBLE (waiting)
├── Change state: terminal->state = TASK_RUNNING
└── Terminal will be scheduled soon!

Handler complete! 
```

---

## STEP 8: Return from Interrupt

**Unwinding back to Firefox:**

```
Handler returns:

STEP 8a: Restore General Registers
Pop from kernel stack:
└── R15, R14, R13, R12, R11, R10, R9, R8
    RBP, RDI, RSI, RDX, RCX, RBX, RAX

All registers back to pre-interrupt values!

STEP 8b: Execute IRET (Interrupt Return)
CPU instruction for returning from interrupt

IRET automatically does:
├── Pop RIP (0x00400503 - next instruction)
├── Pop CS (0x0033 - Ring 3!)
├── Pop RFLAGS (IF=1 restored)
├── Pop RSP (0x7FFF0000 - user stack)
├── Pop SS (0x002B - user stack segment)
└── Resume execution!

STEP 8c: Back to Firefox
├── RIP = 0x00400503 (instruction after ADD)
├── Ring 3 (user mode)
├── Interrupts enabled (IF = 1)
└── Firefox continues like nothing happened!

Firefox never knew interrupt occurred! 
```

---

## STEP 9: Terminal Gets Scheduled

**Scheduler picks up the waiting terminal:**

```
Some time later (maybe immediately, maybe 10ms later):

Scheduler runs (timer interrupt or yielding):
├── Checks runnable processes
├── Terminal now TASK_RUNNING (woken by keyboard handler!)
└── Scheduler picks terminal to run

Context switch to terminal:
├── Save Firefox state
├── Load terminal state
└── Terminal starts executing

Terminal reads input buffer:
├── Read kernel buffer
├── Got character: 'a'
├── Display on screen: 'a'
└── User sees character appear! 

Total time from key press to display:
└── ~1-5 microseconds! 
```

---

# Timer Interrupt: The Heartbeat

> **The most important interrupt - makes multitasking possible!**

## Why Timer Interrupt is Special

```
Timer interrupt = Scheduler's heartbeat!

Fires periodically: Every 10ms (100 Hz typical)
    
This interrupt:
├── Updates system time (jiffies++)
├── Checks process time slices
├── Triggers scheduler
└── Makes multitasking work!

Without timer interrupt:
├── First program runs FOREVER
├── No process switching
├── System frozen on one program
└── Computer unusable! 

Timer interrupt is CRITICAL! 
```

---

## Timer Interrupt Flow

**The multitasking engine:**

```
T = 0ms: Program A running on CPU 0

T = 10ms: TIMER INTERRUPT! 

Timer handler (arch/x86/kernel/time.c):

STEP 1: Acknowledge Timer
└── Send EOI to LAPIC

STEP 2: Update System Time
├── jiffies++ (global time counter)
├── Update wall clock time
└── Process accounting (CPU time used)

STEP 3: Check Current Process Time Slice
Program A's time slice:
├── Started at: jiffies = 1000
├── Now: jiffies = 1001
├── Time used: 10ms
├── Time slice: 100ms allocated
└── Still has 90ms left!

Decision: Let Program A continue!

STEP 4: Return from Interrupt
└── Program A resumes

T = 20ms: TIMER INTERRUPT again!

Same process...
├── jiffies++
├── Check time slice
└── Still OK, continue

...

T = 100ms: TIMER INTERRUPT!

Check time slice:
├── Program A used 100ms (full slice!)
└── Time to switch!

STEP 5: Call Scheduler!
├── schedule() function (kernel/sched/core.c)
├── Scheduler picks next process: Program B
├── Context switch: A → B
└── Return from interrupt IN Program B!

Now Program B running! 

T = 110ms: TIMER INTERRUPT!

Same process, might switch to Program C...

T = 120ms: TIMER INTERRUPT!

Might switch back to Program A...

Forever! This is multitasking! 
```

---

## Timer Interrupt Implementation

```
Timer hardware:
├── LAPIC timer (local to each CPU)
├── Programmed to fire every 10ms
└── Generates vector 32 interrupt

Each CPU has own timer:
├── CPU 0: LAPIC 0 timer → Fires every 10ms
├── CPU 1: LAPIC 1 timer → Fires every 10ms
├── CPU 2: LAPIC 2 timer → Fires every 10ms
└── CPU 3: LAPIC 3 timer → Fires every 10ms

All synchronized!
All firing independently!
Each CPU multitasks independently! 
```

---

# Interrupt Priorities

## Not All Interrupts Are Equal

```
Priority hierarchy (high to low):

1. NMI (Non-Maskable Interrupt):
   ├── Cannot be disabled! (IF flag doesn't affect)
   ├── Critical hardware errors
   ├── Memory parity errors
   └── Highest priority!

2. Timer:
   ├── Keeps system alive
   ├── Drives scheduler
   └── Very high priority

3. Disk/Network:
   ├── I/O completion important
   ├── Data might overflow
   └── High priority

4. Keyboard/Mouse:
   ├── Human input (slow!)
   ├── Can wait a bit
   └── Lower priority

Priority determines handling order when multiple interrupts pending!
```

---

## Multiple Interrupts Scenario

```
Scenario:
CPU handling keyboard interrupt
Network interrupt arrives (higher priority!)

Option 1: Nested Interrupts (if enabled)
├── Keyboard handler paused mid-execution
├── Network interrupt handled first
├── Network returns
├── Keyboard resumes
└── Complex! Can cause stack overflow!

Option 2: Queuing (typical)
├── Network interrupt queued in LAPIC
├── Keyboard handler completes
├── Keyboard returns
├── Immediately handle network interrupt
└── Simpler! Safer! 

Modern Linux typically uses queuing:
└── Interrupts handled in arrival order
    (With priority determining queue order)
```

---

# Disabling Interrupts

## When and Why

**Critical sections need atomic operations:**

```
Kernel updating shared data structure:

Problem:
├── Kernel updating scheduler queue
├── Interrupt arrives mid-update!
├── Interrupt handler modifies same queue
└── Data corruption! 

Solution: Disable interrupts briefly
├── CLI instruction (Clear Interrupt Flag)
├── Update data structure
├── STI instruction (Set Interrupt Flag)
└── Safe! 

Example:
    CLI                    // IF = 0 (disable)
    add_to_runqueue(task)  // Critical section
    update_pointers()      // Safe from interrupts
    STI                    // IF = 1 (enable)
    
Duration: Only microseconds!
```

---

## IF Flag (Interrupt Flag)

```
CPU RFLAGS register has IF bit:

IF = 1: Interrupts ENABLED (normal)
└── LAPIC can deliver interrupts to CPU

IF = 0: Interrupts DISABLED
└── LAPIC queues interrupts, waits for IF=1

Instructions (Ring 0 only!):
├── CLI: Clear IF (disable interrupts)
├── STI: Set IF (enable interrupts)
└── User mode CANNOT execute these! 

If user tries CLI:
└── General Protection Fault (Exception 13)
    Only kernel can disable interrupts!
```

---

## NMI: The Unstoppable Interrupt

```
NMI = Non-Maskable Interrupt

Special characteristics:
├── Cannot be disabled (IF flag doesn't affect!)
├── Separate CPU pin (NMI vs INTR)
├── Always handled
└── For critical hardware errors only!

Uses:
├── Memory parity error detected
├── Bus error (motherboard issue)
├── Watchdog timer (system hang detection)
└── Hardware failure notifications

Why non-maskable?
└── System must know about hardware failures
    Even if kernel disabled interrupts!
    Safety mechanism! 
```

---

# Physical Hardware Reality

## The Interrupt Pin

**Actual hardware on CPU chip:**

```
Physical CPU pins:

INTR Pin (Interrupt Request):
├── Normal interrupts
├── Can be masked (IF flag)
├── Connected to LAPIC
└── Voltage: LOW (0V) = none, HIGH (5V) = interrupt

NMI Pin (Non-Maskable Interrupt):
├── Critical interrupts
├── Cannot be masked!
├── Directly to CPU
└── Voltage-triggered

CPU checks these pins:
└── EVERY clock cycle!
    Every instruction!
    Always monitoring! 
```

---

## CPU Interrupt Check

**Built into instruction execution:**

```
CPU instruction cycle:

1. Fetch instruction from memory
2. Decode instruction
3. Execute instruction
4. Before next fetch:
   ├── Check NMI pin → If HIGH, handle NMI!
   ├── Check INTR pin → If HIGH:
   │   └── Check IF flag:
   │       ├── IF=1? Handle interrupt!
   │       └── IF=0? Ignore, queue in LAPIC
   └── Proceed to next instruction

This happens EVERY instruction!
Hardware mechanism!
Cannot be bypassed! 
```

---

## Multi-CPU Interrupt Routing

**How IOAPIC distributes interrupts:**

```
4-CPU system:
├── CPU 0, CPU 1, CPU 2, CPU 3
└── All have LAPICs

Network packet arrives (IRQ 11):

IOAPIC decides:
├── Fixed mode: Always CPU 1 (affinity)
├── Lowest priority: Check all CPUs, pick least busy
├── Round-robin: Rotate (last was CPU 0, now CPU 1)
└── Broadcast: All CPUs (rare!)

Example: Lowest priority mode
Check each CPU's priority:
├── CPU 0: Handling timer (priority 128)
├── CPU 1: Idle (priority 0) ← Least busy!
├── CPU 2: Handling disk (priority 64)
└── CPU 3: Running user code (priority 16)

IOAPIC sends to CPU 1's LAPIC!
CPU 1 handles the network interrupt!

Load balancing across cores! 
```

---

# Connections to Other Mechanisms

## System Calls (Topic 1)

```
System Call: Software initiated
Interrupt: Hardware initiated

Similarities:
├── Both enter kernel (Ring 3 → Ring 0)
├── Both save state
├── Both use handler functions
└── Both return to user code

Differences:
├── Syscall: SYSCALL instruction (intentional)
├── Interrupt: Device signal (asynchronous)
└── Different triggers, same mechanism!
```

---

## Exceptions (Topic 2)

```
Exception: CPU-generated (internal)
Interrupt: Device-generated (external)

Both use IDT!
├── IDT[0-31]: Reserved for exceptions
├── IDT[32-255]: Available for interrupts
└── Same lookup mechanism!

Key difference:
├── Exception: Synchronous (predictable)
├── Interrupt: Asynchronous (random)
└── But handled similarly!
```

---

## Scheduler (kernel/sched/)

```
Timer interrupt drives scheduler!

Without timer interrupts:
├── No preemption possible
├── First process runs forever
└── No multitasking!

With timer interrupts:
├── Fire every 10ms
├── Check time slices
├── Call schedule() when needed
└── Multitasking works! 

Timer interrupt is the scheduler's heartbeat!
```

---

## Device Drivers (drivers/)

```
Drivers register interrupt handlers:

Keyboard driver initialization:
├── request_irq(IRQ_KEYBOARD, keyboard_handler, ...)
├── Kernel registers handler in IRQ table
└── When IRQ 1 fires, keyboard_handler called!

Network driver:
├── request_irq(IRQ_NETWORK, network_handler, ...)
└── Handles packet arrival

All device I/O depends on interrupts:
└── Efficient, responsive, event-driven! 
```

---

# Complete Interrupt Summary

## What Are Interrupts?

**Hardware communication mechanism:**

```
Interrupt =
├── Electrical signal from device to CPU
├── "I need attention NOW!"
├── Asynchronous (unpredictable timing)
└── Enables efficient I/O without polling
```

---

## Why Do Interrupts Exist?

**Three critical purposes:**

```
1. EFFICIENCY
   ├── No CPU time wasted polling
   ├── Devices notify when ready
   └── CPU does useful work meanwhile

2. RESPONSIVENESS
   ├── Immediate handling of hardware events
   ├── Low latency (microseconds)
   └── Better user experience

3. MULTITASKING
   ├── Timer interrupts drive scheduler
   ├── Process switching possible
   └── Multiple programs run "simultaneously"
```

---

## How Do Interrupts Work?

**The complete mechanism:**

```
SETUP (Boot time):
├── Configure IOAPIC (route IRQs to CPUs)
├── Configure LAPIC (per-CPU settings)
├── Fill IDT entries (interrupt handlers)
└── System ready for interrupts!

TRIGGER (Runtime):
├── Device sets IRQ line HIGH (voltage)
├── Signal reaches IOAPIC
├── IOAPIC routes to target LAPIC
└── LAPIC signals CPU core

DETECTION (CPU hardware):
├── CPU checks between instructions
├── Interrupt pending? YES!
├── IF flag enabled? YES!
└── Handle now!

HANDLING (Automatic hardware):
├── Save state on kernel stack
├── Switch to Ring 0
├── Disable interrupts (IF=0)
├── Jump to handler (via IDT)
└── Handler executes

PROCESSING (Handler code):
├── Save remaining registers
├── Acknowledge interrupt (EOI to LAPIC)
├── Call device-specific handler
├── Handler processes event
└── Restore registers

RETURN (IRET instruction):
├── Restore saved state
├── Switch back to Ring 3
├── Re-enable interrupts (IF=1)
└── Resume interrupted program
```

---

## Interrupt Hardware Components

**The physical architecture:**

```
DEVICES (Sources):
└── Keyboard, network, disk, timer, USB...
    Each has IRQ line (physical wire)

IOAPIC (Central Router):
├── Receives IRQ signals
├── Routes to target CPU
├── Configurable priorities
└── Load balancing

LAPIC (Per-CPU Delivery):
├── One per CPU core
├── Receives from IOAPIC
├── Signals its CPU
└── Local timer, IPIs

CPU (Handler Execution):
├── Detects interrupt signal
├── Saves state automatically
├── Executes handler
└── Returns to program
```

---

## Timer Interrupt: The Heartbeat

**Makes multitasking possible:**

```
Timer fires every: 10ms (100 Hz)

What happens:
├── Update jiffies (system time)
├── Update process accounting
├── Check time slice expiration
├── Call scheduler if needed
└── Context switch to next process

Without timer interrupt:
└── No multitasking possible!
    First program runs forever!

With timer interrupt:
└── Every process gets fair CPU time! 
```

---

## Interrupt Priorities

**Handling order matters:**

```
Priority levels (high → low):

1. NMI (Non-Maskable):
   └── Cannot be disabled, hardware errors

2. Timer:
   └── System heartbeat, critical

3. Disk/Network:
   └── I/O completion, important

4. Keyboard/Mouse:
   └── Human input, can wait

Higher priority interrupts:
└── Handled first when multiple pending!
```

---

## Common Interrupt Flow Pattern

**Typical sequence:**

```
PATTERN 1: Keyboard Press
User presses key
    ↓ IRQ 1 signal
IOAPIC routes to CPU
    ↓ LAPIC delivers
CPU handles interrupt
    ↓ Read scancode
Store in input buffer
    ↓ Wake waiting process
Return to program
    ↓ Terminal scheduled
Character displayed! 

PATTERN 2: Network Packet
Packet arrives
    ↓ IRQ 11 signal
IOAPIC routes to CPU
    ↓ LAPIC delivers
CPU handles interrupt
    ↓ Read packet data
Process network stack
    ↓ Wake waiting socket
Return to program
    ↓ Application scheduled
Data received! 

PATTERN 3: Timer Tick
10ms elapsed
    ↓ LAPIC timer fires
CPU handles interrupt
    ↓ Update jiffies
Check time slice
    ↓ Call scheduler
Context switch!
    ↓ New process runs
Multitasking! 
```

---

## Physical Reality

**What actually changes in hardware:**

```
ELECTRICAL SIGNALS:
├── IRQ line: 0V → 5V (interrupt request)
├── INTR pin on CPU: LOW → HIGH
└── Physical voltage changes!

CPU REGISTERS:
├── IF flag: 1 → 0 (disable interrupts)
├── RIP: user code → handler code
├── CS: 0x0033 → 0x0010 (Ring 3 → Ring 0)
└── RSP: user stack → kernel stack

MEMORY:
├── Kernel stack: User state saved
├── IDT: Lookup handler address
└── Handler code: Executed

TIMING:
├── Detection: <1 nanosecond (every cycle)
├── Handler entry: ~100 nanoseconds
├── Handler execution: 1-5 microseconds
└── Total latency: ~1-10 microseconds 
```

---

## Interrupts vs Exceptions vs System Calls

**The three kernel entry paths:**

```
SYSTEM CALLS:
├── Trigger: SYSCALL instruction
├── Source: Program (intentional)
├── Timing: Synchronous
├── Example: read(), write()
└── Purpose: Request service

EXCEPTIONS:
├── Trigger: CPU error detection
├── Source: CPU (instruction fails)
├── Timing: Synchronous
├── Example: Page fault, divide by zero
└── Purpose: Handle errors

INTERRUPTS:
├── Trigger: Device signal
├── Source: Hardware (external)
├── Timing: Asynchronous
├── Example: Keyboard, timer
└── Purpose: Handle I/O events

All three:
└── Use same mechanisms (state saving, Ring 0, handlers)
    But different triggers and purposes! 
```

---

## Key Design Principles

**Why interrupts work so well:**

```
1. HARDWARE ENFORCEMENT
   ├── CPU automatically handles
   ├── Cannot be bypassed
   └── Always works correctly

2. ASYNCHRONOUS NATURE
   ├── Devices work independently
   ├── CPU does other work
   └── Efficient utilization

3. PRIORITY SYSTEM
   ├── Important interrupts first
   ├── Less important can wait
   └── Responsive to critical events

4. ACKNOWLEDGMENT REQUIRED
   ├── Handler must send EOI
   ├── LAPIC knows handler ran
   └── Can accept new interrupts

5. BRIEF HANDLERS
   ├── Acknowledge quickly
   ├── Defer heavy work (workqueues)
   └── Minimize interrupt-disabled time
```

---

# You've Mastered Interrupt Handling!

## What You Now Understand

**The complete interrupt picture:**

```
 Interrupt concept
   └── Hardware signals for immediate attention

 Hardware architecture
   └── IOAPIC, LAPIC, IRQ lines, physical wiring

 Complete interrupt flow
   └── From device signal to handler execution

 Timer interrupts
   └── The scheduler's heartbeat, makes multitasking work

 Priority system
   └── NMI, timer, I/O, human input hierarchy

 Multi-CPU routing
   └── Load balancing across cores

 Physical reality
   └── Voltage signals, CPU pins, timing

 Design brilliance
   └── Why asynchronous hardware communication works
```

---

## The Big Reveal

**Remember that innocent key press?**

```
You type: 'A'
```

**Now you see the UNIVERSE behind it:**

```
One key press triggers:
├── Keyboard switch closure (mechanical)
├── Controller scancode generation
├── IRQ 1 line voltage change (0V → 5V)
├── IOAPIC routing decision
├── LAPIC interrupt delivery
├── CPU interrupt detection (hardware check)
├── Automatic privilege escalation (Ring 3 → Ring 0)
├── Stack switching (user → kernel)
├── Complete state preservation
├── IDT lookup (vector 33)
├── Handler execution
├── EOI acknowledgment
├── Scancode reading (port I/O)
├── Keycode translation
├── Input buffer storage
├── Process wake-up
├── Privilege de-escalation (Ring 0 → Ring 3)
├── Scheduler activation
├── Context switch
├── Terminal execution
└── Character display on screen!

All in 1-5 microseconds! 

That's the magic of interrupt handling:
└── Instant response to hardware
    Minimal overhead
    System stays responsive! 
```

---

## Your New Superpowers

**With this knowledge, you can now:**

```
 Understand system responsiveness
   └── Why low interrupt latency matters!

 Optimize interrupt handling
   └── Know why handlers must be fast!

 Debug interrupt issues
   └── IRQ conflicts? You know what that means!

 Write device drivers
   └── Request IRQ, register handler, acknowledge interrupt!

 Analyze performance
   └── Interrupt rate = system load metric!

 Configure interrupt routing
   └── CPU affinity, load balancing!

 Appreciate the design
   └── See how hardware and software cooperate!
```

---

## The Deeper Truth

**Interrupt handling taught you more than I/O:**

```
You learned:

 Asynchronous event handling
   └── How systems respond to unpredictable events

 Hardware-software cooperation
   └── Physical signals + software handlers

 Event-driven architecture
   └── Don't poll, wait for notification!

 Multi-core coordination
   └── IOAPIC routes, LAPICs deliver

 Real-time responsiveness
   └── Microsecond latency, critical timing

 Priority management
   └── Not all events are equal!

These patterns appear everywhere:
└── Network protocols, GUI frameworks, databases
    Event-driven is fundamental! 
```

---

## The Path Forward

**This is your foundation:**

```
You've conquered: Interrupt Handling
                 └── The HARDWARE-TO-KERNEL BRIDGE

Next frontiers await:

 Process Scheduling (kernel/sched/)
   └── What timer interrupts trigger!

 Context Switching (arch/x86/kernel/process.c)
   └── How scheduler switches processes!

 Workqueues (kernel/workqueue.c)
   └── Where interrupt handlers defer heavy work!

 Device Drivers (drivers/)
   └── How to write interrupt-driven code!

Each builds on interrupt handling!
IRQ is your foundation!
```

---

## A Final Thought

**Every time you:**

```
Press a key → Interrupt!
Move mouse → Interrupt!
Receive network data → Interrupt!
USB device plugged in → Interrupt!
10ms passes → Interrupt!
```

**Remember:**

```
It's not just happening
    ↓
It's a choreographed dance
    ↓
Device generates signal
    ↓
IOAPIC routes intelligently
    ↓
LAPIC delivers precisely
    ↓
CPU responds instantly
    ↓
Handler executes efficiently
    ↓
System stays responsive
    ↓
All while your program thinks
    it's running continuously
    ↓
That's the beauty of interrupts! 
```

**Asynchronous events become seamless experience!**

---

## The Interrupt Handlers in Perspective

**arch/x86/kernel/irq.c + device handlers:**

```
~1000 lines of core interrupt code
+
Thousands of device-specific handlers

But these handlers:
├── Execute millions of times per second
├── Enable all I/O operations
├── Drive the scheduler (timer)
├── Make the system responsive
├── Balance load across CPUs
├── Keep your computer interactive
└── Make modern computing possible

Some of the most executed code
    in the entire system! 
```

---

# Journey Complete!

```
         USER PROGRAM
              ↓
    [HARDWARE EVENT OCCURS]
              ↓
         DEVICE SIGNALS
              ↓
        ═════════════
       ║   IOAPIC   ║
        ═════════════
              ↓
        ═════════════
       ║   LAPIC    ║
        ═════════════
              ↓
      INTERRUPT HANDLER  ← You understand THIS now!
              ↓
        PROCESS EVENT / WAKE TASKS
              ↓
           RETURN (microseconds later)
```

**The interrupt mechanism has been conquered!**  
**You've learned how hardware talks to the kernel!**  
**Go forth and write responsive systems!**

---

> *"An interrupt is not a disruption - it's how the system stays alive and responsive to the world."* 

**Now you know why your computer responds instantly to hardware events!**

---

You now understand how hardware communicates with the CPU. Interrupt handling has no secrets left!
