# System Call Entry: The Gateway to the Kernel

> Ever wondered what REALLY happens when you call read()? How does your program cross the security boundary into the kernel? How does the CPU switch from "untrusted user code" to "privileged kernel code"?

**You're about to find out - at the HARDWARE level!**

---

## What's Inside This Guide?

> We're exploring **arch/[CPU]/kernel/entry_*.S** - The SECURITY CHECKPOINT where ALL system calls enter the kernel!

Here's what lives in this directory:

```
arch/[CPU]/
└── kernel/               ← CPU-specific kernel code
    ├── entry_*.S         ← System call entry (ASSEMBLY!)
    ├── traps.c           ← Exception handlers
    ├── irq.c             ← Interrupt handling
    ├── process.c         ← Context switching
    └── setup.c           ← CPU initialization
```

**This code controls:**
- The ONLY legal way into the kernel
- Privilege level transitions (Ring 3 → Ring 0)
- Register saving and restoration
- System call validation and dispatch
- Stack switching (user → kernel)
- Secure return to user space

---

## What You'll Learn

We'll dissect the **complete journey** from user space to kernel and back:

- **The security problem** - Why direct kernel calls are forbidden
- **Hardware mechanisms** - SYSCALL/SYSRET CPU instructions
- **Register choreography** - RIP, RSP, CS, RAX, and privilege levels
- **Every single step** - From read() to sys_read() and back
- **Physical state changes** - What actually happens in silicon
- **Why this design** - Security, performance, and elegance

**Pure mechanism!** Understand the hardware dance before reading the assembly code.

---

# The Gateway to the Kernel

> **How user programs safely request kernel services**

## The Fundamental Problem

**Physical Reality:**

```
Your Computer's Protection Rings:
├── Ring 0 (Kernel): Full hardware access
│   ├── Can access ALL memory
│   ├── Can execute privileged instructions
│   └── Can control hardware directly
│
└── Ring 3 (User Programs): Restricted access
    ├── Can ONLY access own memory
    ├── CANNOT execute privileged instructions
    └── CANNOT touch hardware
```

**Question:** How does Firefox (Ring 3) ask the kernel (Ring 0) to read a file?

---

## Without System Call Entry

**The disaster scenario:**

```
User program directly calls kernel function:
├── Firefox code: kernel_read_file(fd, buffer, size)
└── CPU responds: "GENERAL PROTECTION FAULT!" 

Why?
├── Firefox in Ring 3 (restricted)
├── kernel_read_file in Ring 0 (privileged)
└── CPU FORBIDS Ring 3 → Ring 0 jumps!
    Hardware protection!

Even if CPU allowed it:
├── User could pass malicious pointers
├── User could corrupt kernel memory
├── No validation of arguments
├── Total security disaster!
└── System compromised immediately!
```

> **Key Insight:** Direct kernel calls = Security nightmare!

---

## The Solution: Controlled Entry Point

**Think of it like airport security:**

```
User Space = Public area (outside security)
    ↓
    Anyone can be here
    No weapons check
    
System Call Entry = Security checkpoint
    ↓
    Controlled passage
    Validate everything
    Only one way through
    
Kernel Space = Secure area (past security)
    ↓
    Trusted zone
    Can board plane (access hardware)
```

**The genius:**

```
ONE entry point for ALL system calls!
├── Read file? → Entry point → sys_read()
├── Write file? → Entry point → sys_write()
├── Create process? → Entry point → sys_fork()
└── ALL 300+ syscalls → SAME gate 

Why single entry?
├── Easy to secure (one gate to guard)
├── Easy to validate (one place to check)
├── Easy to audit (one place to log)
└── Hardware enforced (cannot bypass!)
```

---

# How System Call Entry Works

## The Players

**Five components make system calls possible:**

```
1. USER PROGRAM (Ring 3)
   ├── Your application code (Firefox, bash, etc.)
   └── Wants kernel service but CAN'T access directly

2. SYSCALL INSTRUCTION (CPU Hardware)
   ├── Special x86 instruction
   └── FORCES entry to kernel (hardware magic!)

3. MSR REGISTER (CPU Register)
   ├── Model-Specific Register
   ├── Stores: Entry point address
   └── CPU reads this during SYSCALL

4. ENTRY POINT CODE (Ring 0)
   ├── Assembly code at fixed address
   ├── Saves state, validates, dispatches
   └── Gateway function!

5. KERNEL FUNCTION (Ring 0)
   ├── sys_read(), sys_write(), etc.
   ├── Does the actual work
   └── Returns result
```

---

## Setup: Configuring the Entry Point

**This happens ONCE during kernel boot:**

### **STEP 1: Kernel Chooses Entry Point Address**

```
Kernel initialization code:

Entry point address decided:
└── entry_SYSCALL_64 = 0xFFFFFFFF81000000
    (Example address in kernel memory)

This address contains:
└── Assembly code that handles system calls
    (The gateway function!)
```

### **STEP 2: Tell CPU Where Entry Point Is**

```
Write to MSR register:

MSR_LSTAR = 0xFFFFFFFF81000000
    ↑          ↑
    |          Entry point address
    |
    Long mode System Target Address Register
    (x86-specific CPU register)

CPU now knows:
└── "On SYSCALL instruction, jump HERE!"
```

### **STEP 3: Enable SYSCALL Instruction**

```
Set CPU flag:

Enable SYSCALL/SYSRET instructions
└── CPU feature flag activated

System calls now operational! 
```

> This setup is PERMANENT until reboot!

---

# Complete System Call Journey

> **Let's trace read(fd, buffer, size) from Firefox to kernel and back - EVERY STEP!**

## INITIAL STATE: Firefox Running

**Before system call:**

```
Process: Firefox (PID 5000)
Mode: Ring 3 (user mode - restricted)

CPU Registers:
├── RIP: 0x00400500 (executing Firefox code)
├── RSP: 0x7FFF0000 (Firefox's stack)
├── CS:  0x0033 (Ring 3 code segment)
├── SS:  0x002B (Ring 3 stack segment)
├── CPL: 3 (Current Privilege Level = 3)
└── RAX, RBX, RCX...: (Firefox's data)

Memory Access:
└── Can ONLY access: 0x0000000000000000 - 0x00007FFFFFFFFFFF
    (User space range)
```

---

## STEP 1: Firefox Calls read()

**User code execution:**

```
Firefox code:
    char buffer[1024];
    int fd = 3;  // File descriptor for open file
    
    // Call read to get data
    int bytes = read(fd, buffer, 1024);
```

**What happens:**

```
This calls: C library function (glibc)
├── NOT kernel yet!
├── Still in user space!
└── Still Ring 3!

Physical jump:
└── RIP jumps to: 0x00500000 (glibc read function)
    Still Firefox's address space!
```

---

## STEP 2: C Library Prepares System Call

**Inside glibc's read() wrapper:**

### **Step 2a: Load System Call Number**

```
System call numbers:
├── read  = 0
├── write = 1
├── open  = 2
├── close = 3
└── ... (300+ total)

glibc does:
└── RAX = 0  (read's system call number)
```

### **Step 2b: Load Arguments into Registers**

```
x86-64 calling convention for syscalls:
├── RAX = System call number
├── RDI = First argument
├── RSI = Second argument
├── RDX = Third argument
├── R10 = Fourth argument (if needed)
├── R8  = Fifth argument (if needed)
└── R9  = Sixth argument (if needed)

glibc loads:
├── RAX = 0 (read syscall)
├── RDI = 3 (fd - file descriptor)
├── RSI = 0x7FFFF000 (buffer address)
└── RDX = 1024 (size to read)
```

**Why registers?**

```
Registers = FAST!
├── No memory access needed
├── No cache misses
└── Arguments already where kernel needs them!

Memory would be:
├── Slower (memory access)
├── Harder to validate (could change!)
└── Less secure
```

### **Step 2c: Execute SYSCALL Instruction**

```
glibc assembly code:
    syscall    ; Single instruction!
    ret        ; Return after syscall completes

SYSCALL instruction:
└── Special x86-64 CPU instruction
    Magic gateway!
```

> **Now the hardware takes over!** 

---

## STEP 3: SYSCALL Instruction Executes

**This is PURE HARDWARE - Not software!**

### **What CPU Does AUTOMATICALLY (in silicon):**

```
CPU detects: SYSCALL instruction
    ↓
CPU executes (ALL ATOMIC, CANNOT INTERRUPT):

┌─────────────────────────────────────────┐
│ STEP 3a: Save Current RIP               │
│ RCX = current RIP                       │
│ RCX = 0x00500005                        │
│ (Address of next instruction)           │
└─────────────────────────────────────────┘
    ↓
┌─────────────────────────────────────────┐
│ STEP 3b: Save CPU Flags                 │
│ R11 = current RFLAGS                    │
│ (All CPU condition flags)               │
└─────────────────────────────────────────┘
    ↓
┌─────────────────────────────────────────┐
│ STEP 3c: Load Entry Point from MSR      │
│ entry = MSR_LSTAR                       │
│ entry = 0xFFFFFFFF81000000              │
│ (The address we configured at boot!)    │
└─────────────────────────────────────────┘
    ↓
┌─────────────────────────────────────────┐
│ STEP 3d: SWITCH TO RING 0!              │
│ CS = 0x0010 (Ring 0 code segment!)      │
│ SS = 0x0018 (Ring 0 stack segment!)     │
│ CPL = 0 (PRIVILEGED MODE!)              │
└─────────────────────────────────────────┘
    ↓
┌─────────────────────────────────────────┐
│ STEP 3e: Jump to Entry Point            │
│ RIP = 0xFFFFFFFF81000000                │
│ (Now executing KERNEL code!)            │
└─────────────────────────────────────────┘
```

**HARDWARE ENFORCED!**
- Cannot be faked
- Cannot be bypassed  
- Cannot be interrupted
- Happens in nanoseconds!

---

### **CPU State After SYSCALL**

```
BEFORE (Ring 3):
├── RIP: 0x00500000 (glibc code)
├── CS:  0x0033 (Ring 3)
├── CPL: 3 (user mode)
├── RSP: 0x7FFF0000 (user stack)
└── Memory access: User space only

AFTER (Ring 0):
├── RIP: 0xFFFFFFFF81000000 (KERNEL entry point!)
├── CS:  0x0010 (Ring 0!) 
├── CPL: 0 (KERNEL MODE!) 
├── RSP: 0x7FFF0000 (still user stack!) 
├── RCX: 0x00500005 (saved return address)
├── R11: (saved RFLAGS)
├── RAX: 0 (syscall number preserved)
├── RDI: 3 (arguments preserved)
├── RSI: 0x7FFFF000
├── RDX: 1024
└── Memory access: EVERYTHING! 

Notice the problem:
└── We're in KERNEL MODE but on USER STACK!
    DANGEROUS! Must fix immediately!
```

---

## STEP 4: Entry Point Code Executes

**Now we're running kernel assembly code at 0xFFFFFFFF81000000!**

### **STEP 4a: Switch to Kernel Stack**

**The critical danger:**

```
Current state: DISASTER WAITING!
├── CPU in Ring 0 (kernel mode)
├── RSP = 0x7FFF0000 (USER stack!)
└── User could have corrupted this stack!

If we push data to user stack:
├── User might read kernel data! 
├── User might corrupt saved state! 
└── Security breach! 

MUST switch to kernel stack NOW!
```

**How entry point switches stacks:**

```
Entry point assembly code:

1. Get current process's kernel stack:
   ├── Read from per-CPU variable
   ├── Or read from task_struct
   └── Kernel stack address: 0xFFFF880001234000
   
2. Switch RSP:
   ├── OLD: RSP = 0x7FFF0000 (user stack)
   └── NEW: RSP = 0xFFFF880001234000 (kernel stack!)

Now on TRUSTED kernel stack! 
```

**Physical memory:**

```
User Stack (UNTRUSTED):
0x7FFF0000: [user data]
0x7FFF0008: [user data]
0x7FFF0010: [user data]
└── Could be malicious!

Kernel Stack (TRUSTED):
0xFFFF880001234000: [empty, ready for use]
0xFFFF880001234008: [empty]
└── Safe kernel memory!
```

---

### **STEP 4b: Save ALL User Registers**

**Why save?**

```
We're about to:
├── Call kernel functions
├── Use registers
└── Overwrite current values

When returning to user:
└── Must restore EXACT state!
    Like nothing happened!

Solution: Save EVERYTHING on kernel stack!
```

**What gets saved:**

```
Entry point pushes to kernel stack:

PUSH R15    ; 0xFFFF880001234000
PUSH R14    ; 0xFFFF880001234008
PUSH R13    ; 0xFFFF880001234010
PUSH R12
PUSH R11    ; Saved RFLAGS!
PUSH R10
PUSH R9
PUSH R8
PUSH RDI    ; Our arguments!
PUSH RSI
PUSH RDX
PUSH RCX    ; Saved return address!
PUSH RBX
PUSH RAX    ; Syscall number!
PUSH RBP
PUSH old_RSP ; User stack pointer!

ALL registers saved on kernel stack!
```

**Stack visualization:**

```
Kernel Stack After Saving:
0xFFFF880001234000: [R15 value]
0xFFFF880001234008: [R14 value]
0xFFFF880001234010: [R13 value]
...
0xFFFF880001234068: [RCX = 0x00500005] ← Return address!
...
0xFFFF880001234088: [old RSP = 0x7FFF0000] ← User stack!

Current RSP: 0xFFFF880001234088
(Points to top of saved registers)
```

---

### **STEP 4c: Validate System Call Number**

**Security check time!**

```
Current state:
└── RAX = 0 (system call number)

Kernel checks:
├── Is RAX within valid range?
├── Maximum syscall number = 300 (example)
└── Validation logic:

if (RAX > 300) {
    Invalid system call!
    └── Return -ENOSYS error
        (Function not implemented)
}

if (RAX < 0) {
    Invalid!
    └── Return -ENOSYS error
}

Our case:
├── RAX = 0 (read)
├── 0 <= 0 <= 300
└── VALID!  Continue!
```

---

### **STEP 4d: Look Up Handler in System Call Table**

**The system call table:**

```
Kernel has giant array of function pointers:

sys_call_table[]:
├── [0]   = sys_read       ← Our target!
├── [1]   = sys_write
├── [2]   = sys_open
├── [3]   = sys_close
├── [4]   = sys_stat
├── [5]   = sys_fstat
├── [6]   = sys_lseek
├── [7]   = sys_mmap
├── ...
└── [300+] = ... (300+ syscalls)

Physical location:
└── Address: 0xFFFFFFFF82000000 (example)
    Array of 8-byte pointers
```

**Lookup process:**

```
Entry point code:

1. Load table base address:
   table = 0xFFFFFFFF82000000
   
2. Calculate offset:
   offset = RAX × 8  (8 bytes per pointer)
   offset = 0 × 8 = 0
   
3. Load function pointer:
   handler = *(table + offset)
   handler = *(0xFFFFFFFF82000000 + 0)
   handler = sys_read
   handler = 0xFFFFFFFF81200000 (example)

Now we know: Call 0xFFFFFFFF81200000 (sys_read)!
```

---

### **STEP 4e: Call Kernel Function**

**The actual kernel function call:**

```
Entry point prepares call:

Arguments ALREADY in correct registers:
├── RDI = 3 (fd)
├── RSI = 0x7FFFF000 (buffer)
└── RDX = 1024 (size)

Entry point executes:
    CALL sys_read
    
CPU jumps:
└── RIP = 0xFFFFFFFF81200000 (sys_read function)

Now executing the REAL kernel code!
```

---

## STEP 5: sys_read() Executes

**Inside kernel/fs/read_write.c → sys_read():**

```
SYSCALL_DEFINE3(read, unsigned int, fd, char __user *, buf, size_t, count)
{
    // This is the actual kernel work!
}
```

**What sys_read() does:**

```
STEP 1: Validate file descriptor
    ├── current->files->fd_array[3] exists?
    ├── Is it a valid file?
    └── YES → Continue 

STEP 2: Get file structure
    ├── file = current->files->fd_array[3]
    └── file = pointer to open file metadata

STEP 3: Check permissions
    ├── Is file opened for reading?
    ├── Check file->f_mode & FMODE_READ
    └── YES → Can read 

STEP 4: Call VFS layer
    ├── vfs_read(file, buf, count, &pos)
    └── Virtual File System handles next steps

STEP 5: VFS calls filesystem
    ├── file->f_op->read()
    ├── For ext4: ext4_file_read()
    └── Filesystem-specific code

STEP 6: Filesystem reads data
    ├── Check page cache first
    ├── If data in cache: Copy from cache 
    ├── If NOT in cache: Read from disk 
    └── May cause page fault (mm/ code!)

STEP 7: Copy data to user buffer
    ├── copy_to_user(buf, kernel_data, count)
    ├── Validates user pointer!
    ├── Copies byte-by-byte safely
    └── Returns to user space!

STEP 8: Return bytes read
    └── return 1024; (success!)
```

**Function returns:**

```
sys_read returns to entry point code

Return value in RAX:
└── RAX = 1024 (bytes successfully read)
```

---

## STEP 6: Return to Entry Point

**Back to entry_SYSCALL_64 assembly code!**

### **STEP 6a: Restore User Registers**

**Prepare to return to user space:**

```
Pop registers from kernel stack:

Current RSP: 0xFFFF880001234088

POP RBP     ; Restore base pointer
POP RAX     ; SKIP! Keep return value (1024)
POP RBX     ; Restore
POP RCX     ; Restore RETURN ADDRESS!
POP RDX     ; Restore
POP RSI     ; Restore
POP RDI     ; Restore
POP R8      ; Restore
POP R9      ; Restore
POP R10     ; Restore
POP R11     ; Restore RFLAGS!
POP R12     ; Restore
POP R13     ; Restore
POP R14     ; Restore
POP R15     ; Restore
POP old_RSP ; Restore USER STACK pointer!

All registers back to original values!
EXCEPT:
└── RAX = 1024 (return value!)
```

---

### **STEP 6b: Execute SYSRET Instruction**

**Return to user space - HARDWARE MAGIC!**

```
Entry point executes:
    SYSRET    ; Single instruction!

CPU AUTOMATICALLY does (in hardware!):

┌─────────────────────────────────────────┐
│ STEP 1: Restore User Code Segment       │
│ CS = 0x0033 (Ring 3 code segment!)      │
│ CPL = 3 (USER MODE!)                    │
└─────────────────────────────────────────┘
    ↓
┌─────────────────────────────────────────┐
│ STEP 2: Restore Stack Segment           │
│ SS = 0x002B (Ring 3 stack segment!)     │
└─────────────────────────────────────────┘
    ↓
┌─────────────────────────────────────────┐
│ STEP 3: Restore Instruction Pointer     │
│ RIP = RCX                               │
│ RIP = 0x00500005                        │
│ (Next instruction after syscall!)       │
└─────────────────────────────────────────┘
    ↓
┌─────────────────────────────────────────┐
│ STEP 4: Restore CPU Flags               │
│ RFLAGS = R11                            │
│ (All condition flags restored)          │
└─────────────────────────────────────────┘
```

**ALL ATOMIC! HARDWARE ENFORCED! Cannot be interrupted!**

---

## STEP 7: Back to Firefox

**CPU state after SYSRET:**

```
Mode: Ring 3 (user mode) 
CPU Registers:
├── RIP: 0x00500005 (glibc, after syscall instruction)
├── CS:  0x0033 (Ring 3)
├── CPL: 3 (user mode)
├── RSP: 0x7FFF0000 (user stack)
├── RAX: 1024 (RETURN VALUE!) 
└── All other registers: Restored to pre-syscall values

Memory Access:
└── Back to user space only!
```

**glibc returns:**

```
glibc read() function:
    syscall        ; Just completed!
    ret            ; Return RAX to caller
    
Returns to Firefox code:
    int bytes = read(fd, buffer, 1024);
    // bytes = 1024 
    // buffer now contains file data! 
```

**Firefox continues:**

```
Firefox never knew it entered kernel!
├── Looks like normal function call
├── Got data in buffer
└── Life goes on! 

But we traveled:
├── User space (Ring 3)
├── → Kernel space (Ring 0)
├── → Back to user space (Ring 3)
├── All in microseconds! 
└── All completely safe! 
```

---

# Physical Reality: What Actually Changed

## CPU Register Timeline

**The complete transformation:**

```
┌─────────────────────────────────────────────────────────┐
│ BEFORE SYSCALL (Ring 3)                                 │
├─────────────────────────────────────────────────────────┤
│ RIP:  0x00500000     (glibc code)                       │
│ CS:   0x0033         (Ring 3 code segment)              │
│ SS:   0x002B         (Ring 3 stack segment)             │
│ CPL:  3              (user mode)                        │
│ RSP:  0x7FFF0000     (user stack)                       │
│ RAX:  0              (syscall number)                   │
│ RDI:  3              (fd argument)                      │
│ RSI:  0x7FFFF000     (buffer argument)                  │
│ RDX:  1024           (size argument)                    │
└─────────────────────────────────────────────────────────┘
              ↓ SYSCALL INSTRUCTION
┌─────────────────────────────────────────────────────────┐
│ DURING KERNEL (Ring 0)                                  │
├─────────────────────────────────────────────────────────┤
│ RIP:  0xFFFFFFFF81000000  (entry point code!)           │
│ CS:   0x0010              (Ring 0 code segment!)        │
│ SS:   0x0018              (Ring 0 stack segment!)       │
│ CPL:  0                   (KERNEL MODE!)                │
│ RSP:  0xFFFF880001234000  (kernel stack!)               │
│ RAX:  0                   (syscall number)              │
│ RDI:  3                   (preserved)                   │
│ RSI:  0x7FFFF000          (preserved)                   │
│ RDX:  1024                (preserved)                   │
│ RCX:  0x00500005          (saved return address)        │
│ R11:  (saved RFLAGS)      (saved flags)                 │
└─────────────────────────────────────────────────────────┘
              ↓ KERNEL WORK COMPLETES
              ↓ SYSRET INSTRUCTION
┌─────────────────────────────────────────────────────────┐
│ AFTER SYSRET (Ring 3)                                   │
├─────────────────────────────────────────────────────────┤
│ RIP:  0x00500005     (next instruction in glibc)        │
│ CS:   0x0033         (Ring 3 code segment)              │
│ SS:   0x002B         (Ring 3 stack segment)             │
│ CPL:  3              (user mode)                        │
│ RSP:  0x7FFF0000     (user stack)                       │
│ RAX:  1024           (RETURN VALUE!)                    │
│ RDI:  3              (restored)                         │
│ RSI:  0x7FFFF000     (restored)                         │
│ RDX:  1024           (restored)                         │
└─────────────────────────────────────────────────────────┘
```

---

## Memory Access Changes

**What the CPU can "see" changes dramatically:**

```
In Ring 3 (User Mode):
└── Accessible memory: 0x0000000000000000 - 0x00007FFFFFFFFFFF
    ├── Program code (.text section)
    ├── Program data (.data, .bss)
    ├── Heap (malloc allocations)
    ├── Shared libraries (glibc, etc.)
    └── Stack (local variables)
    
    CANNOT ACCESS: 0xFFFF800000000000 - 0xFFFFFFFFFFFFFFFF
    ├── Kernel code
    ├── Kernel data
    └── Page table fault if attempted! 

In Ring 0 (Kernel Mode):
└── Accessible memory: 0x0000000000000000 - 0xFFFFFFFFFFFFFFFF
    ├── ALL user memory (for copying data)
    ├── ALL kernel memory
    ├── Page tables themselves
    ├── Device memory (MMIO)
    └── EVERYTHING! No restrictions! 
```

---

## Stack Switching

**Why TWO stacks?**

```
USER STACK (Untrusted):
Location: 0x7FFF0000 - 0x7FFFFFFF
Contents:
├── Firefox local variables
├── glibc function calls
├── Return addresses
└── Could be MALICIOUS! 

If kernel used user stack:
├── User could read kernel data! 
├── User could corrupt saved state! 
├── User could hijack kernel! 
└── DISASTER!

KERNEL STACK (Trusted):
Location: 0xFFFF880001234000 - 0xFFFF880001236000
Contents:
├── Saved user registers
├── Kernel function calls
├── Local variables
└── SAFE! Only kernel can write! 

Security principle:
└── NEVER trust user memory in kernel mode!
```

---

# The Big Picture: Connections

## How This Connects to kernel/

**System call table lives in kernel/sys.c:**

```
kernel/sys.c:
    const sys_call_ptr_t sys_call_table[__NR_syscall_max] = {
        [0] = sys_read,
        [1] = sys_write,
        [2] = sys_open,
        ...
    };

Entry point does:
    handler = sys_call_table[RAX]
    └── Dispatches to correct function!

Now we understand:
├── How sys_call_table is used
├── Why it's an array of pointers
└── How entry point finds the right function! 
```

---

## How This Connects to mm/

**Page faults can happen during system calls:**

```
Flow:
User calls read()
    ↓
Entry point → sys_read()
    ↓
sys_read tries to access page
    ↓
Page not in memory! 
    ↓
CPU generates PAGE FAULT exception
    ↓
Kernel's page fault handler (mm/memory.c)
    ↓
Load page from disk
    ↓
Return to sys_read
    ↓
sys_read continues
    ↓
Return to user

All connected! The entry point enables
kernel functions that might fault! 
```

---

## How This Connects to Scheduler

**System calls can sleep!**

```
Flow:
User calls read() on empty pipe
    ↓
Entry point → sys_read()
    ↓
No data available yet!
    ↓
sys_read calls schedule()
    ↓
Scheduler: "This process must wait!"
    ↓
Process state = TASK_INTERRUPTIBLE
    ↓
Scheduler runs another process
    ↓
(Later: data arrives)
    ↓
Scheduler wakes this process
    ↓
sys_read continues and returns
    ↓
Entry point returns to user

System calls can SLEEP while in kernel!
Scheduler manages this! 
```

---

## How This Connects to fork/exec

**New processes need kernel stacks!**

```
When fork() creates child:

1. fork() system call entry
2. sys_fork() allocates:
   ├── New task_struct
   ├── New KERNEL STACK! 
   └── New user stack
   
3. Child needs kernel stack because:
   └── Child will make system calls too!
       Entry point needs somewhere to save registers!

When exec() loads new program:

1. exec() system call entry
2. sys_execve() sets up:
   ├── New user memory layout
   ├── New user stack
   └── KEEPS kernel stack! (still needed!)
   
3. When new program makes syscall:
   └── Uses SAME kernel stack!
       Entry point works identically! 
```

---

# Why This Design is Brilliant

## 1. Single Point of Entry

**Genius of one gateway:**

```
COULD have done:
├── 300+ entry points (one per syscall)
├── Each with own validation
└── Each with own security checks

Problems:
├──  Hard to maintain (300+ gates!)
├──  Easy to miss security hole
├──  Inconsistent behavior
└──  Performance overhead (more code)

ACTUALLY have:
└── ONE entry point for ALL syscalls

Benefits:
├──  Single place to validate
├──  Single place to audit
├──  Consistent behavior
├──  Easy to secure
└──  Smaller code footprint

Like airport security:
└── One checkpoint is easier to guard
    than 300 separate gates!
```

---

## 2. Hardware Enforced Transitions

**Cannot fake kernel entry!**

```
Software CANNOT:
├── Change CPL (privilege level) 
├── Change CS/SS (segments) 
├── Jump to kernel code directly 
└── Bypass entry point 

Only CPU hardware can:
├── SYSCALL instruction → Ring 0 
├── SYSRET instruction → Ring 3 
└── Both atomic (cannot interrupt) 

Why important?
├── Malware cannot fake kernel mode
├── Bugs cannot accidentally enter kernel
└── Security enforced in SILICON! 

Even kernel bugs cannot bypass:
└── Must use SYSCALL/SYSRET instructions
    Hardware forces correct flow!
```

---

## 3. Register-Based Arguments

**Speed through registers:**

```
COULD pass arguments via memory:
├── Push to stack
├── Kernel reads from stack
└── Return value in memory

Problems:
├──  Memory access (slower!)
├──  Cache misses possible
├──  Memory could change (race!)
└──  Harder to validate

ACTUALLY use registers:
├── RAX = syscall number
├── RDI, RSI, RDX, R10, R8, R9 = arguments
└── RAX = return value

Benefits:
├──  No memory access! (instant)
├──  Arguments already in place
├──  Cannot change during call
└──  Easy to validate

Like handing documents directly:
└── Faster than putting in box first!
```

---

## 4. Separate Kernel Stack

**Security through isolation:**

```
If kernel used USER stack:

Scenario 1: User reads kernel data
├── Kernel pushes sensitive data
├── User program reads own stack
└── Kernel secrets leaked!

Scenario 2: User corrupts state
├── Kernel saves registers on stack
├── User program modifies stack
├── SYSRET restores corrupted values
└──  Kernel hijacked!

Scenario 3: User causes overflow
├── User stack too small
├── Kernel pushes too much
├── Stack overflow into heap
└──  Arbitrary code execution!

With SEPARATE kernel stack:

User cannot read kernel stack (different address)
User cannot write kernel stack (Ring 0 only)
Kernel stack properly sized (always safe)
Complete isolation! 

Each process has:
├── User stack (8MB, growable)
└── Kernel stack (16KB, fixed)
    Used ONLY during system calls!
```

---

## 5. Automatic State Saving

**Hardware saves critical state:**

```
SYSCALL automatically saves:
├── RCX = Return address
└── R11 = RFLAGS

Why not all registers?
├── Hardware saves MINIMUM
├── Entry point saves REST
└── Flexibility! 

This division of labor:
├── Hardware: Fast, critical state
└── Software: Complete context

If hardware saved EVERYTHING:
├── Always slow (many registers)
├── Not flexible (fixed behavior)
└── Wasted work (might not need all)

Current design:
├── Hardware saves enough to return
├── Entry point saves rest (when needed)
└── Fast common case! 
```

---

# Performance Analysis

## System Call Overhead

**Breaking down the cost:**

```
Normal function call:
├── CALL instruction: ~1 nanosecond
├── Function executes: variable
├── RET instruction: ~1 nanosecond
└── Total overhead: ~2 nanoseconds

System call:
├── Prepare arguments: ~5 ns
├── SYSCALL instruction: ~100 ns 
├── Save registers: ~20 ns
├── Validate syscall: ~10 ns
├── Lookup in table: ~5 ns
├── Switch stacks: ~10 ns
├── Call kernel function: ~1 ns
├── [Function executes: variable]
├── Restore registers: ~20 ns
├── SYSRET instruction: ~100 ns 
└── Total overhead: ~271 nanoseconds

System call is 135× slower than function call!
```

**Why so expensive?**

```
Privilege switching:
├── SYSCALL/SYSRET are complex instructions
├── CPU must validate everything
└── ~200 nanoseconds total

Mode changes:
├── Flush certain CPU buffers
├── Switch address spaces (CR3)
└── Security checks

All necessary for SECURITY:
└── Cannot optimize away!
    Price of protection! 
```

---

## When System Calls Matter

**Impact on real programs:**

```
Program A: Text editor (lightweight)
├── User typing: 100ms between keystrokes
├── System calls: read() ~1000× per second
├── Overhead: 1000 × 300ns = 0.3ms per second
└── Impact: 0.3% overhead (negligible!)

Program B: High-frequency trading
├── Microsecond latency critical!
├── System calls: 10,000× per second
├── Overhead: 10,000 × 300ns = 3ms per second
└── Impact: 0.3% overhead (still OK!)

Program C: Network server
├── Handle 1,000,000 requests per second
├── Each request: 10+ system calls
├── System calls: 10,000,000× per second
├── Overhead: 10M × 300ns = 3 seconds per second
└── Impact: 300% overhead! 
    (Spending 3× time on syscall overhead!)

Solution for C:
├── Batch operations
├── Use io_uring (kernel bypass)
└── Minimize syscalls!
```

---

## Optimization: vDSO

**Some syscalls avoid kernel entry!**

```
Traditional system call:
    User: gettimeofday()
    ↓ SYSCALL (300ns overhead)
    Kernel: Read time from hardware
    ↓ SYSRET (300ns overhead)
    User: Got time!
    
    Total: 600ns overhead + time to read clock

vDSO optimization:
    User: gettimeofday()
    ↓ (Regular function call! No SYSCALL!)
    vDSO: Read time from shared page
    ↓ (Regular return! No SYSRET!)
    User: Got time!
    
    Total: 2ns overhead + time to read memory

300× faster! 

How vDSO works:
├── Kernel maps special page to user space
├── Page contains: Current time (updated by kernel)
├── Page is READ-ONLY (user cannot modify)
├── gettimeofday() reads directly
└── No system call needed!

Other vDSO functions:
├── gettimeofday() - Get time
├── clock_gettime() - High-res time
├── getcpu() - Which CPU am I on?
└── time() - Seconds since epoch

These are so common:
└── Worth optimizing! 
```

---

# Common Questions Answered

## Q: Why not let user programs call kernel functions directly?

**Answer: Security catastrophe!**

```
If user could call kernel directly:

Bad user program:
    // Evil code!
    kernel_write(fd, evil_data, size);
    // Bypasses permissions!
    
    kernel_mmap(0, HUGE_SIZE, PROT_WRITE, ...);
    // Allocates all memory!
    
    kernel_kill(1, SIGKILL);
    // Kills init process!
    // System crashes! 

With system call entry:
├── ALL calls validated
├── Permissions checked
├── Arguments validated
└── Cannot harm system! 

Entry point is the GATEKEEPER:
└── Ensures kernel safety!
```

---

## Q: Why save registers on kernel stack instead of task_struct?

**Answer: Performance!**

```
Option A: Save in task_struct (memory)
├── task_struct in RAM (slow!)
├── Each save = memory write
├── Each restore = memory read
└── Total: ~100 nanoseconds

Option B: Save on kernel stack (current!)
├── Stack likely in L1 cache (fast!)
├── Each save = cache write
├── Each restore = cache read
└── Total: ~20 nanoseconds

5× faster! 

Plus:
├── Stack naturally grows/shrinks
├── Nested calls just work
└── Simple push/pop instructions
```

---

## Q: What if kernel stack overflows?

**Answer: Kernel panic!**

```
Kernel stack is FIXED SIZE:
└── Typically 16KB (x86-64)

If overflow:
├── Writes beyond stack
├── Corrupts adjacent memory
├── Likely corrupts critical structures
└── KERNEL PANIC! 

Why so small?
├── Each process has own kernel stack
├── 1000 processes = 16MB just for stacks!
├── Must be small!

Prevention:
├── Kernel functions use little stack
├── No recursion in critical paths
├── Use heap for large buffers
└── Stack guard pages (detect overflow)

User stack:
├── Much larger (8MB default)
├── Can grow dynamically
└── Different requirements!
```

---

## Q: Can malware hook the system call table?

**Answer: Modern kernels prevent this!**

```
Old days (early Linux):
├── sys_call_table was writable!
├── Rootkits could modify it
├── Replace sys_read with malicious version
└── Intercept all file reads! 

Modern kernels:
├── sys_call_table is READ-ONLY! 
├── Write-protected at boot
├── Any write attempt → kernel panic!
└── Cannot be modified! 

Protection mechanisms:
├── Page marked read-only in page table
├── Attempts to write → page fault
├── Kernel detects unauthorized write
└── Kills the offending code

Additional protections:
├── Signed kernel modules (only trusted code)
├── Secure boot (verified kernel)
├── KASLR (randomized addresses)
└── Multiple layers of security! 
```

---

## Q: What happens if SYSCALL/SYSRET not supported?

**Answer: Fallback mechanisms!**

```
Very old CPUs (pre-2003):
└── No SYSCALL/SYSRET instructions!

Fallback: INT 0x80
├── Software interrupt
├── Slower (~1000 nanoseconds)
└── But works on ANY x86 CPU!

Mechanism:
    User: INT 0x80 instruction
    ↓
    CPU: Looks up vector 0x80 in IDT
    ↓
    CPU: Jumps to handler
    ↓
    Kernel: system_call entry point
    ↓
    (Rest is same!)

Modern Linux:
├── Detects CPU capabilities
├── Uses SYSCALL if available (fast)
├── Falls back to INT 0x80 if not (slow)
└── Transparent to programs! 
```

---

# Complete Summary

## What Is System Call Entry?

**The gateway between user and kernel:**

```
System Call Entry =
├── Fixed address in kernel
├── Assembly code (entry_SYSCALL_64)
├── ONLY legal way into kernel
└── Enforced by CPU hardware
```

---

## Why Does It Exist?

**Three critical purposes:**

```
1. SECURITY
   ├── Validates all requests
   ├── Checks permissions
   └── Prevents malicious access

2. ISOLATION
   ├── Separate stacks
   ├── Separate address spaces
   └── User cannot harm kernel

3. CONTROL
   ├── Single point of entry
   ├── Easy to audit
   └── Consistent behavior
```

---

## How Does It Work?

**The complete flow:**

```
User Program
    ↓ read(fd, buf, size)
    ↓
C Library (glibc)
    ↓ Prepare arguments
    ↓ Load syscall number
    ↓ Execute: SYSCALL
    ↓
CPU Hardware (automatic!)
    ↓ Save RCX (return address)
    ↓ Save R11 (RFLAGS)
    ↓ Load entry point from MSR_LSTAR
    ↓ Switch to Ring 0! (CS, SS, CPL)
    ↓ Jump to entry point
    ↓
Entry Point Code (assembly)
    ↓ Switch to kernel stack
    ↓ Save ALL registers
    ↓ Validate syscall number
    ↓ Look up in sys_call_table
    ↓ Call kernel function
    ↓
Kernel Function (C code)
    ↓ sys_read() does work
    ↓ Returns result in RAX
    ↓
Entry Point Code
    ↓ Restore registers
    ↓ Execute: SYSRET
    ↓
CPU Hardware (automatic!)
    ↓ Switch to Ring 3! (CS, SS, CPL)
    ↓ Restore RIP (from RCX)
    ↓ Restore RFLAGS (from R11)
    ↓ Jump back to user
    ↓
C Library
    ↓ Return RAX to caller
    ↓
User Program
    ↓ bytes = 1024 (success!)
```

---

## Key Physical Changes

**What transforms during system call:**

```
PRIVILEGE LEVEL:
├── Ring 3 → Ring 0 → Ring 3
└── Hardware enforced!

INSTRUCTION POINTER:
├── User code → Entry point → Kernel function → Entry point → User code
└── Saved/restored by hardware!

STACK POINTER:
├── User stack → Kernel stack → User stack
└── Security isolation!

MEMORY ACCESS:
├── User only → Everything → User only
└── CPU honors privilege level!

CODE SEGMENT:
├── 0x0033 (Ring 3) → 0x0010 (Ring 0) → 0x0033 (Ring 3)
└── Determines privilege!
```

---

## Design Principles

**Why this design is brilliant:**

```
Single entry point → Easy to secure
Hardware enforcement → Cannot bypass
Register arguments → Fast!
Separate stacks → User cannot corrupt kernel
Automatic state saving → Hardware efficiency
Validation at entry → Catch errors early
Dispatch table → Extensible design
```

---

## Performance Characteristics

**System call overhead:**

```
Function call:      ~2 nanoseconds
System call:        ~300 nanoseconds
Ratio:              150× slower

Why slower?
├── Privilege switching
├── Register saving
├── Validation
└── Stack switching

When it matters:
├── High-frequency operations
├── Real-time systems
└── Millions of calls per second

Optimizations:
├── vDSO (kernel bypass for common calls)
├── io_uring (batch operations)
└── Minimize syscall frequency
```

---

## Connections to Other Components

**How entry point enables everything:**

```
kernel/sys.c:
└── sys_call_table[] → Entry point dispatches here

kernel/fork.c:
└── fork() creates kernel stack → Entry point needs it

mm/memory.c:
└── Page faults during syscalls → Entry point in call chain

kernel/sched/:
└── schedule() during syscalls → Entry point enables sleeping

All kernel services:
└── Accessed through entry point!
```

---

# You've Mastered System Call Entry!

## What You Now Understand

**The complete picture:**

```
  The hardware dance
   └── SYSCALL instruction → CPU privilege switch → Entry point → SYSRET

  Every register transformation
   └── RIP, CS, CPL, RSP - you know them all!

  The security model
   └── Why Ring 3 cannot touch Ring 0
   └── Why separate stacks are critical
   └── How CPU enforces protection

  The complete flow
   └── From innocent read() call to kernel depths and back
   └── Every nanosecond accounted for

  The design wisdom
   └── Why single entry point
   └── Why hardware enforcement
   └── Why this architecture has survived 50+ years
```

**The journey from read() to sys_read() has no mysteries left!**

---

## The Big Reveal

**Remember that simple line of code?**

```c
int bytes = read(fd, buffer, 1024);
```

**Now you see the UNIVERSE behind it:**

```
One line of code triggers:
├── Hardware privilege escalation
├── Stack switches
├── Register choreography
├── Security validations
├── Table lookups
├── Kernel function dispatch
├── Memory management
├── Hardware interactions
└── Privilege de-escalation

All in ~300 nanoseconds! 

That's the beauty of abstraction:
└── Complexity hidden
    Simplicity revealed
    Power unleashed! 
```

---

## Your New Superpowers

**With this knowledge, you can now:**

```
  Debug the "impossible"
   └── "Why is my syscall failing?"
       You know EXACTLY where to look!

 Read kernel source code
   └── entry_64.S assembly?
       Every instruction makes sense now!

  Understand security
   └── CVEs mention "syscall handling"?
       You know what's at stake!

  Optimize performance
   └── "Why is my app slow?"
       Count those syscalls!

  Make informed decisions
   └── vDSO vs normal syscall?
       You know the trade-offs!

  Design system software
   └── Build your own OS?
       You have the blueprint!
```

---

## The Deeper Truth

**System call entry taught you more than syscalls:**

```
You learned:

  How hardware and software dance together
   └── SYSCALL isn't just code - it's silicon!

  Why security isn't just software features
   └── CPU rings aren't suggestions - they're physics!

  Why performance requires understanding layers
   └── 300ns isn't just a number - it's privilege switching!

  Why elegant design matters
   └── Single entry point isn't lazy - it's genius!

  How abstractions work
   └── read() isn't simple - it's simplified!
```

**These principles apply EVERYWHERE in systems programming!**

---

## The Path Forward

**This is just the beginning:**

```
You've conquered: System Call Entry
                 └── The GATEWAY

Next challenges await:

  Interrupt Handling (arch/x86/entry/entry_64.S)
   └── How hardware FORCES kernel attention

  Exception Handling (arch/x86/kernel/traps.c)
   └── What happens when things go WRONG

  Context Switching (arch/x86/kernel/process.c)
   └── How the kernel becomes ANOTHER process

  Memory Management (mm/)
   └── What syscalls actually DO

Each builds on what you learned here!
The entry point is your foundation!
```

---

## A Final Thought

**Every time you write:**

```c
read(fd, buffer, size);
```

**Remember:**

```
You're not just calling a function
    ↓
You're invoking a carefully choreographed dance
    ↓
Between user and kernel
    ↓
Between Ring 3 and Ring 0
    ↓
Between trust and security
    ↓
Between hardware and software
    ↓
A dance that has powered computing
    for half a century
    ↓
And will power it
    for decades to come
    ↓
Because it's THAT well designed! 
```

---

## The Entry Point in Perspective

**arch/x86/entry/entry_64.S:**

```
~200 lines of assembly code

But these 200 lines:
├── Execute billions of times per second
├── Guard the kernel from the world
├── Enable every program you run
├── Make modern computing possible
└── Represent decades of wisdom

Some of the most important code
    ever written! 
```

---

## You're Ready

**The kernel is no longer a black box:**

```
BEFORE:
├── System calls? Magic! 
├── Ring 0? Mystery! 
├── Entry point? What's that? 
└── Just call read()! 

AFTER:
├── System calls? Hardware dance! 
├── Ring 0? CPU privilege level! 
├── Entry point? Security gateway! 
└── read() triggers UNIVERSE! 

You've gone from user to kernel hacker!
```

---

## Thank You for Learning

**You invested time to understand the depths:**

```
Not just "what" but "why"
Not just "how" but "why this way"
Not just code but principles
Not just facts but wisdom

That makes you different
That makes you dangerous (in a good way!)
That makes you a SYSTEMS PROGRAMMER! 
```

---

# Journey Complete!

```
     USER SPACE (Ring 3)
          ↓
     [ SYSCALL ]
          ↓
    ═══════════════
   ║  ENTRY POINT  ║  ← You understand THIS now!
    ═══════════════
          ↓
    KERNEL SPACE (Ring 0)
          ↓
     [ SYSRET ]
          ↓
     USER SPACE (Ring 3)
```

**The gateway has been conquered!**  
**The kernel awaits your exploration!**  
**Go forth and hack!**

---

> **Now go write some kernel code! The entry point will be waiting!**
